Analysis & Synthesis report for RS_232
Thu Dec 08 12:43:25 2022
Quartus II 64-Bit Version 13.0.1 Build 232 06/12/2013 Service Pack 1 SJ Web Edition


---------------------
; Table of Contents ;
---------------------
  1. Legal Notice
  2. Analysis & Synthesis Summary
  3. Analysis & Synthesis Settings
  4. Parallel Compilation
  5. Analysis & Synthesis Source Files Read
  6. Analysis & Synthesis Resource Usage Summary
  7. Analysis & Synthesis Resource Utilization by Entity
  8. State Machine - |RS_232|state
  9. State Machine - |RS_232|Transmitter:T|state
 10. Registers Removed During Synthesis
 11. General Register Statistics
 12. Inverted Register Statistics
 13. Multiplexer Restructuring Statistics (Restructuring Performed)
 14. Parameter Settings for User Entity Instance: Top-level Entity: |RS_232
 15. Parameter Settings for User Entity Instance: Transmitter:T
 16. Elapsed Time Per Partition
 17. Analysis & Synthesis Messages



----------------
; Legal Notice ;
----------------
Copyright (C) 1991-2013 Altera Corporation
Your use of Altera Corporation's design tools, logic functions 
and other software and tools, and its AMPP partner logic 
functions, and any output files from any of the foregoing 
(including device programming or simulation files), and any 
associated documentation or information are expressly subject 
to the terms and conditions of the Altera Program License 
Subscription Agreement, Altera MegaCore Function License 
Agreement, or other applicable license agreement, including, 
without limitation, that your use is for the sole purpose of 
programming logic devices manufactured by Altera and sold by 
Altera or its authorized distributors.  Please refer to the 
applicable agreement for further details.



+--------------------------------------------------------------------------------------+
; Analysis & Synthesis Summary                                                         ;
+------------------------------------+-------------------------------------------------+
; Analysis & Synthesis Status        ; Successful - Thu Dec 08 12:43:25 2022           ;
; Quartus II 64-Bit Version          ; 13.0.1 Build 232 06/12/2013 SP 1 SJ Web Edition ;
; Revision Name                      ; RS_232                                          ;
; Top-level Entity Name              ; RS_232                                          ;
; Family                             ; Cyclone II                                      ;
; Total logic elements               ; 128                                             ;
;     Total combinational functions  ; 126                                             ;
;     Dedicated logic registers      ; 72                                              ;
; Total registers                    ; 72                                              ;
; Total pins                         ; 4                                               ;
; Total virtual pins                 ; 0                                               ;
; Total memory bits                  ; 0                                               ;
; Embedded Multiplier 9-bit elements ; 0                                               ;
; Total PLLs                         ; 0                                               ;
+------------------------------------+-------------------------------------------------+


+----------------------------------------------------------------------------------------------------------------------+
; Analysis & Synthesis Settings                                                                                        ;
+----------------------------------------------------------------------------+--------------------+--------------------+
; Option                                                                     ; Setting            ; Default Value      ;
+----------------------------------------------------------------------------+--------------------+--------------------+
; Device                                                                     ; EP2C20F484C7       ;                    ;
; Top-level entity name                                                      ; RS_232             ; RS_232             ;
; Family name                                                                ; Cyclone II         ; Cyclone IV GX      ;
; Use smart compilation                                                      ; Off                ; Off                ;
; Enable parallel Assembler and TimeQuest Timing Analyzer during compilation ; On                 ; On                 ;
; Enable compact report table                                                ; Off                ; Off                ;
; Restructure Multiplexers                                                   ; Auto               ; Auto               ;
; Create Debugging Nodes for IP Cores                                        ; Off                ; Off                ;
; Preserve fewer node names                                                  ; On                 ; On                 ;
; Disable OpenCore Plus hardware evaluation                                  ; Off                ; Off                ;
; Verilog Version                                                            ; Verilog_2001       ; Verilog_2001       ;
; VHDL Version                                                               ; VHDL_1993          ; VHDL_1993          ;
; State Machine Processing                                                   ; Auto               ; Auto               ;
; Safe State Machine                                                         ; Off                ; Off                ;
; Extract Verilog State Machines                                             ; On                 ; On                 ;
; Extract VHDL State Machines                                                ; On                 ; On                 ;
; Ignore Verilog initial constructs                                          ; Off                ; Off                ;
; Iteration limit for constant Verilog loops                                 ; 5000               ; 5000               ;
; Iteration limit for non-constant Verilog loops                             ; 250                ; 250                ;
; Add Pass-Through Logic to Inferred RAMs                                    ; On                 ; On                 ;
; Infer RAMs from Raw Logic                                                  ; On                 ; On                 ;
; Parallel Synthesis                                                         ; On                 ; On                 ;
; DSP Block Balancing                                                        ; Auto               ; Auto               ;
; NOT Gate Push-Back                                                         ; On                 ; On                 ;
; Power-Up Don't Care                                                        ; On                 ; On                 ;
; Remove Redundant Logic Cells                                               ; Off                ; Off                ;
; Remove Duplicate Registers                                                 ; On                 ; On                 ;
; Ignore CARRY Buffers                                                       ; Off                ; Off                ;
; Ignore CASCADE Buffers                                                     ; Off                ; Off                ;
; Ignore GLOBAL Buffers                                                      ; Off                ; Off                ;
; Ignore ROW GLOBAL Buffers                                                  ; Off                ; Off                ;
; Ignore LCELL Buffers                                                       ; Off                ; Off                ;
; Ignore SOFT Buffers                                                        ; On                 ; On                 ;
; Limit AHDL Integers to 32 Bits                                             ; Off                ; Off                ;
; Optimization Technique                                                     ; Balanced           ; Balanced           ;
; Carry Chain Length                                                         ; 70                 ; 70                 ;
; Auto Carry Chains                                                          ; On                 ; On                 ;
; Auto Open-Drain Pins                                                       ; On                 ; On                 ;
; Perform WYSIWYG Primitive Resynthesis                                      ; Off                ; Off                ;
; Auto ROM Replacement                                                       ; On                 ; On                 ;
; Auto RAM Replacement                                                       ; On                 ; On                 ;
; Auto Shift Register Replacement                                            ; Auto               ; Auto               ;
; Allow Shift Register Merging across Hierarchies                            ; Auto               ; Auto               ;
; Auto Clock Enable Replacement                                              ; On                 ; On                 ;
; Strict RAM Replacement                                                     ; Off                ; Off                ;
; Allow Synchronous Control Signals                                          ; On                 ; On                 ;
; Force Use of Synchronous Clear Signals                                     ; Off                ; Off                ;
; Auto RAM to Logic Cell Conversion                                          ; Off                ; Off                ;
; Auto Resource Sharing                                                      ; Off                ; Off                ;
; Allow Any RAM Size For Recognition                                         ; Off                ; Off                ;
; Allow Any ROM Size For Recognition                                         ; Off                ; Off                ;
; Allow Any Shift Register Size For Recognition                              ; Off                ; Off                ;
; Use LogicLock Constraints during Resource Balancing                        ; On                 ; On                 ;
; Ignore translate_off and synthesis_off directives                          ; Off                ; Off                ;
; Timing-Driven Synthesis                                                    ; Off                ; Off                ;
; Report Parameter Settings                                                  ; On                 ; On                 ;
; Report Source Assignments                                                  ; On                 ; On                 ;
; Report Connectivity Checks                                                 ; On                 ; On                 ;
; Ignore Maximum Fan-Out Assignments                                         ; Off                ; Off                ;
; Synchronization Register Chain Length                                      ; 2                  ; 2                  ;
; PowerPlay Power Optimization                                               ; Normal compilation ; Normal compilation ;
; HDL message level                                                          ; Level2             ; Level2             ;
; Suppress Register Optimization Related Messages                            ; Off                ; Off                ;
; Number of Removed Registers Reported in Synthesis Report                   ; 5000               ; 5000               ;
; Number of Swept Nodes Reported in Synthesis Report                         ; 5000               ; 5000               ;
; Number of Inverted Registers Reported in Synthesis Report                  ; 100                ; 100                ;
; Clock MUX Protection                                                       ; On                 ; On                 ;
; Auto Gated Clock Conversion                                                ; Off                ; Off                ;
; Block Design Naming                                                        ; Auto               ; Auto               ;
; SDC constraint protection                                                  ; Off                ; Off                ;
; Synthesis Effort                                                           ; Auto               ; Auto               ;
; Shift Register Replacement - Allow Asynchronous Clear Signal               ; On                 ; On                 ;
; Pre-Mapping Resynthesis Optimization                                       ; Off                ; Off                ;
; Analysis & Synthesis Message Level                                         ; Medium             ; Medium             ;
; Disable Register Merging Across Hierarchies                                ; Auto               ; Auto               ;
; Resource Aware Inference For Block RAM                                     ; On                 ; On                 ;
; Synthesis Seed                                                             ; 1                  ; 1                  ;
+----------------------------------------------------------------------------+--------------------+--------------------+


Parallel compilation was disabled, but you have multiple processors available. Enable parallel compilation to reduce compilation time.
+-------------------------------------+
; Parallel Compilation                ;
+----------------------------+--------+
; Processors                 ; Number ;
+----------------------------+--------+
; Number detected on machine ; 8      ;
; Maximum allowed            ; 1      ;
+----------------------------+--------+


+-------------------------------------------------------------------------------------------------------------------------------------------------------------------------+
; Analysis & Synthesis Source Files Read                                                                                                                                  ;
+----------------------------------+-----------------+----------------------------------+-----------------------------------------------------------------------+---------+
; File Name with User-Entered Path ; Used in Netlist ; File Type                        ; File Name with Absolute Path                                          ; Library ;
+----------------------------------+-----------------+----------------------------------+-----------------------------------------------------------------------+---------+
; Transmitter.v                    ; yes             ; User Verilog HDL File            ; D:/Users/angol/Documents/Work/RS_232/Verilog (Quartus)/Transmitter.v  ;         ;
; RS_232.v                         ; yes             ; User Verilog HDL File            ; D:/Users/angol/Documents/Work/RS_232/Verilog (Quartus)/RS_232.v       ;         ;
; Data_memory.v                    ; yes             ; User Verilog HDL File            ; D:/Users/angol/Documents/Work/RS_232/Verilog (Quartus)/Data_memory.v  ;         ;
; Coder_RS_232.v                   ; yes             ; User Verilog HDL File            ; D:/Users/angol/Documents/Work/RS_232/Verilog (Quartus)/Coder_RS_232.v ;         ;
; Data.txt                         ; yes             ; User Memory Initialization File  ; D:/Users/angol/Documents/Work/RS_232/Verilog (Quartus)/Data.txt       ;         ;
+----------------------------------+-----------------+----------------------------------+-----------------------------------------------------------------------+---------+


+--------------------------------------------------------+
; Analysis & Synthesis Resource Usage Summary            ;
+---------------------------------------------+----------+
; Resource                                    ; Usage    ;
+---------------------------------------------+----------+
; Estimated Total logic elements              ; 128      ;
;                                             ;          ;
; Total combinational functions               ; 126      ;
; Logic element usage by number of LUT inputs ;          ;
;     -- 4 input functions                    ; 55       ;
;     -- 3 input functions                    ; 14       ;
;     -- <=2 input functions                  ; 57       ;
;                                             ;          ;
; Logic elements by mode                      ;          ;
;     -- normal mode                          ; 95       ;
;     -- arithmetic mode                      ; 31       ;
;                                             ;          ;
; Total registers                             ; 72       ;
;     -- Dedicated logic registers            ; 72       ;
;     -- I/O registers                        ; 0        ;
;                                             ;          ;
; I/O pins                                    ; 4        ;
; Embedded Multiplier 9-bit elements          ; 0        ;
; Maximum fan-out node                        ; CLOCK_50 ;
; Maximum fan-out                             ; 72       ;
; Total fan-out                               ; 598      ;
; Average fan-out                             ; 2.96     ;
+---------------------------------------------+----------+


+---------------------------------------------------------------------------------------------------------------------------------------------------------------------------------+
; Analysis & Synthesis Resource Utilization by Entity                                                                                                                             ;
+----------------------------+-------------------+--------------+-------------+--------------+---------+-----------+------+--------------+-------------------------+--------------+
; Compilation Hierarchy Node ; LC Combinationals ; LC Registers ; Memory Bits ; DSP Elements ; DSP 9x9 ; DSP 18x18 ; Pins ; Virtual Pins ; Full Hierarchy Name     ; Library Name ;
+----------------------------+-------------------+--------------+-------------+--------------+---------+-----------+------+--------------+-------------------------+--------------+
; |RS_232                    ; 126 (55)          ; 72 (30)      ; 0           ; 0            ; 0       ; 0         ; 4    ; 0            ; |RS_232                 ; work         ;
;    |Coder_RS_232:CD|       ; 3 (3)             ; 0 (0)        ; 0           ; 0            ; 0       ; 0         ; 0    ; 0            ; |RS_232|Coder_RS_232:CD ; work         ;
;    |Data_memory:DM|        ; 5 (5)             ; 0 (0)        ; 0           ; 0            ; 0       ; 0         ; 0    ; 0            ; |RS_232|Data_memory:DM  ; work         ;
;    |Transmitter:T|         ; 63 (63)           ; 42 (42)      ; 0           ; 0            ; 0       ; 0         ; 0    ; 0            ; |RS_232|Transmitter:T   ; work         ;
+----------------------------+-------------------+--------------+-------------+--------------+---------+-----------+------+--------------+-------------------------+--------------+
Note: For table entries with two numbers listed, the numbers in parentheses indicate the number of resources of the given type used by the specific entity alone. The numbers listed outside of parentheses indicate the total resources of the given type used by the specific entity and all of its sub-entities in the hierarchy.


Encoding Type:  One-Hot
+--------------------------------------------------------------------------------------------+
; State Machine - |RS_232|state                                                              ;
+---------------------+---------------------+----------------+------------------+------------+
; Name                ; state.READY_TO_SEND ; state.Transfer ; state.DATA_READY ; state.IDLE ;
+---------------------+---------------------+----------------+------------------+------------+
; state.IDLE          ; 0                   ; 0              ; 0                ; 0          ;
; state.DATA_READY    ; 0                   ; 0              ; 1                ; 1          ;
; state.Transfer      ; 0                   ; 1              ; 0                ; 1          ;
; state.READY_TO_SEND ; 1                   ; 0              ; 0                ; 1          ;
+---------------------+---------------------+----------------+------------------+------------+


Encoding Type:  One-Hot
+------------------------------------------------------------------------------+
; State Machine - |RS_232|Transmitter:T|state                                  ;
+----------------+---------------+---------------+----------------+------------+
; Name           ; state.StopBit ; state.DataBit ; state.StartBit ; state.Idle ;
+----------------+---------------+---------------+----------------+------------+
; state.Idle     ; 0             ; 0             ; 0              ; 0          ;
; state.StartBit ; 0             ; 0             ; 1              ; 1          ;
; state.DataBit  ; 0             ; 1             ; 0              ; 1          ;
; state.StopBit  ; 1             ; 0             ; 0              ; 1          ;
+----------------+---------------+---------------+----------------+------------+


+----------------------------------------------------------------------------------+
; Registers Removed During Synthesis                                               ;
+----------------------------------------+-----------------------------------------+
; Register name                          ; Reason for Removal                      ;
+----------------------------------------+-----------------------------------------+
; tickCount[31]                          ; Merged with Transmitter:T|tickCount[31] ;
; tickCount[30]                          ; Merged with Transmitter:T|tickCount[30] ;
; tickCount[29]                          ; Merged with Transmitter:T|tickCount[29] ;
; tickCount[28]                          ; Merged with Transmitter:T|tickCount[28] ;
; tickCount[27]                          ; Merged with Transmitter:T|tickCount[27] ;
; tickCount[26]                          ; Merged with Transmitter:T|tickCount[26] ;
; tickCount[25]                          ; Merged with Transmitter:T|tickCount[25] ;
; tickCount[24]                          ; Merged with Transmitter:T|tickCount[24] ;
; tickCount[23]                          ; Merged with Transmitter:T|tickCount[23] ;
; tickCount[22]                          ; Merged with Transmitter:T|tickCount[22] ;
; tickCount[21]                          ; Merged with Transmitter:T|tickCount[21] ;
; tickCount[20]                          ; Merged with Transmitter:T|tickCount[20] ;
; tickCount[19]                          ; Merged with Transmitter:T|tickCount[19] ;
; tickCount[18]                          ; Merged with Transmitter:T|tickCount[18] ;
; tickCount[17]                          ; Merged with Transmitter:T|tickCount[17] ;
; tickCount[16]                          ; Merged with Transmitter:T|tickCount[16] ;
; tickCount[15]                          ; Merged with Transmitter:T|tickCount[15] ;
; tickCount[14]                          ; Merged with Transmitter:T|tickCount[14] ;
; tickCount[13]                          ; Merged with Transmitter:T|tickCount[13] ;
; tickCount[12]                          ; Merged with Transmitter:T|tickCount[12] ;
; tickCount[11]                          ; Merged with Transmitter:T|tickCount[11] ;
; tickCount[10]                          ; Merged with Transmitter:T|tickCount[10] ;
; tickCount[9]                           ; Merged with Transmitter:T|tickCount[9]  ;
; tickCount[8]                           ; Merged with Transmitter:T|tickCount[8]  ;
; tickCount[7]                           ; Merged with Transmitter:T|tickCount[7]  ;
; tickCount[6]                           ; Merged with Transmitter:T|tickCount[6]  ;
; tickCount[5]                           ; Merged with Transmitter:T|tickCount[5]  ;
; tickCount[4]                           ; Merged with Transmitter:T|tickCount[4]  ;
; tickCount[3]                           ; Merged with Transmitter:T|tickCount[3]  ;
; tickCount[2]                           ; Merged with Transmitter:T|tickCount[2]  ;
; tickCount[1]                           ; Merged with Transmitter:T|tickCount[1]  ;
; tickCount[0]                           ; Merged with Transmitter:T|tickCount[0]  ;
; Transmitter:T|CLK_low                  ; Merged with CLK_low                     ;
; data_to_code[7]                        ; Merged with data_to_code[1]             ;
; state~8                                ; Lost fanout                             ;
; state~9                                ; Lost fanout                             ;
; Transmitter:T|state~8                  ; Lost fanout                             ;
; Transmitter:T|state~9                  ; Lost fanout                             ;
; Total Number of Removed Registers = 38 ;                                         ;
+----------------------------------------+-----------------------------------------+


+------------------------------------------------------+
; General Register Statistics                          ;
+----------------------------------------------+-------+
; Statistic                                    ; Value ;
+----------------------------------------------+-------+
; Total registers                              ; 72    ;
; Number of registers using Synchronous Clear  ; 0     ;
; Number of registers using Synchronous Load   ; 0     ;
; Number of registers using Asynchronous Clear ; 55    ;
; Number of registers using Asynchronous Load  ; 0     ;
; Number of registers using Clock Enable       ; 24    ;
; Number of registers using Preset             ; 0     ;
+----------------------------------------------+-------+


+--------------------------------------------------+
; Inverted Register Statistics                     ;
+----------------------------------------+---------+
; Inverted Register                      ; Fan out ;
+----------------------------------------+---------+
; first_frame                            ; 12      ;
; Transmitter:T|rts                      ; 4       ;
; Total number of inverted registers = 2 ;         ;
+----------------------------------------+---------+


+------------------------------------------------------------------------------------------------------------------------------------------+
; Multiplexer Restructuring Statistics (Restructuring Performed)                                                                           ;
+--------------------+-----------+---------------+----------------------+------------------------+------------+----------------------------+
; Multiplexer Inputs ; Bus Width ; Baseline Area ; Area if Restructured ; Saving if Restructured ; Registered ; Example Multiplexer Output ;
+--------------------+-----------+---------------+----------------------+------------------------+------------+----------------------------+
; 3:1                ; 11 bits   ; 22 LEs        ; 0 LEs                ; 22 LEs                 ; Yes        ; |RS_232|data_counter[3]    ;
; 6:1                ; 2 bits    ; 8 LEs         ; 6 LEs                ; 2 LEs                  ; No         ; |RS_232|state              ;
+--------------------+-----------+---------------+----------------------+------------------------+------------+----------------------------+


+------------------------------------------------------------------------+
; Parameter Settings for User Entity Instance: Top-level Entity: |RS_232 ;
+----------------+----------------------------------+--------------------+
; Parameter Name ; Value                            ; Type               ;
+----------------+----------------------------------+--------------------+
; FREQUENCY      ; 00000010111110101111000010000000 ; Unsigned Binary    ;
; SPEED          ; 00000000000000000010010110000000 ; Unsigned Binary    ;
; Divider        ; 00000000000000000001010001011000 ; Unsigned Binary    ;
; IDLE           ; 00                               ; Unsigned Binary    ;
; DATA_READY     ; 01                               ; Unsigned Binary    ;
; Transfer       ; 10                               ; Unsigned Binary    ;
; READY_TO_SEND  ; 11                               ; Unsigned Binary    ;
+----------------+----------------------------------+--------------------+
Note: In order to hide this table in the UI and the text report file, please set the "Show Parameter Settings in Synthesis Report" option in "Analysis and Synthesis Settings -> More Settings" to "Off".


+---------------------------------------------------------------------+
; Parameter Settings for User Entity Instance: Transmitter:T          ;
+----------------+----------------------------------+-----------------+
; Parameter Name ; Value                            ; Type            ;
+----------------+----------------------------------+-----------------+
; FREQUENCY      ; 00000010111110101111000010000000 ; Unsigned Binary ;
; SPEED          ; 00000000000000000010010110000000 ; Unsigned Binary ;
+----------------+----------------------------------+-----------------+
Note: In order to hide this table in the UI and the text report file, please set the "Show Parameter Settings in Synthesis Report" option in "Analysis and Synthesis Settings -> More Settings" to "Off".


+-------------------------------+
; Elapsed Time Per Partition    ;
+----------------+--------------+
; Partition Name ; Elapsed Time ;
+----------------+--------------+
; Top            ; 00:00:01     ;
+----------------+--------------+


+-------------------------------+
; Analysis & Synthesis Messages ;
+-------------------------------+
Info: *******************************************************************
Info: Running Quartus II 64-Bit Analysis & Synthesis
    Info: Version 13.0.1 Build 232 06/12/2013 Service Pack 1 SJ Web Edition
    Info: Processing started: Thu Dec 08 12:43:17 2022
Info: Command: quartus_map --read_settings_files=on --write_settings_files=off RS_232 -c RS_232
Warning (20028): Parallel compilation is not licensed and has been disabled
Info (12021): Found 1 design units, including 1 entities, in source file transmitter.v
    Info (12023): Found entity 1: Transmitter
Warning (10463): Verilog HDL Declaration warning at RS_232.v(40): "package" is SystemVerilog-2005 keyword
Info (12021): Found 1 design units, including 1 entities, in source file rs_232.v
    Info (12023): Found entity 1: RS_232
Info (12021): Found 1 design units, including 1 entities, in source file data_memory.v
    Info (12023): Found entity 1: Data_memory
Info (12021): Found 1 design units, including 1 entities, in source file coder_rs_232.v
    Info (12023): Found entity 1: Coder_RS_232
Warning (10222): Verilog HDL Parameter Declaration warning at Transmitter.v(16): Parameter Declaration in module "Transmitter" behaves as a Local Parameter Declaration because the module has a Module Parameter Port List
Warning (10222): Verilog HDL Parameter Declaration warning at Transmitter.v(19): Parameter Declaration in module "Transmitter" behaves as a Local Parameter Declaration because the module has a Module Parameter Port List
Warning (10222): Verilog HDL Parameter Declaration warning at Transmitter.v(20): Parameter Declaration in module "Transmitter" behaves as a Local Parameter Declaration because the module has a Module Parameter Port List
Warning (10222): Verilog HDL Parameter Declaration warning at Transmitter.v(21): Parameter Declaration in module "Transmitter" behaves as a Local Parameter Declaration because the module has a Module Parameter Port List
Warning (10222): Verilog HDL Parameter Declaration warning at Transmitter.v(22): Parameter Declaration in module "Transmitter" behaves as a Local Parameter Declaration because the module has a Module Parameter Port List
Info (12127): Elaborating entity "RS_232" for the top level hierarchy
Warning (10230): Verilog HDL assignment warning at RS_232.v(110): truncated value with size 32 to match size of target (4)
Warning (10230): Verilog HDL assignment warning at RS_232.v(126): truncated value with size 32 to match size of target (4)
Info (12128): Elaborating entity "Transmitter" for hierarchy "Transmitter:T"
Warning (10230): Verilog HDL assignment warning at Transmitter.v(96): truncated value with size 32 to match size of target (4)
Info (12128): Elaborating entity "Coder_RS_232" for hierarchy "Coder_RS_232:CD"
Info (12128): Elaborating entity "Data_memory" for hierarchy "Data_memory:DM"
Warning (10850): Verilog HDL warning at Data_memory.v(10): number of words (6) in memory file does not match the number of elements in the address range [0:15]
Warning (10030): Net "RAM.data_a" at Data_memory.v(8) has no driver or initial value, using a default initial value '0'
Warning (10030): Net "RAM.waddr_a" at Data_memory.v(8) has no driver or initial value, using a default initial value '0'
Warning (10030): Net "RAM.we_a" at Data_memory.v(8) has no driver or initial value, using a default initial value '0'
Info (276014): Found 1 instances of uninferred RAM logic
    Info (276004): RAM logic "Data_memory:DM|RAM" is uninferred due to inappropriate RAM size
Warning (127007): Memory Initialization File or Hexadecimal (Intel-Format) File "D:/Users/angol/Documents/Work/RS_232/Verilog (Quartus)/db/RS_232.ram0_Data_memory_b537f311.hdl.mif" contains "don't care" values -- overwriting them with 0s
Info (13000): Registers with preset signals will power-up high
Info (13003): DEV_CLRn pin will set, and not reset, register with preset signal due to NOT Gate Push-Back
Info (17049): 4 registers lost all their fanouts during netlist optimizations.
Info (16010): Generating hard_block partition "hard_block:auto_generated_inst"
    Info (16011): Adding 0 node(s), including 0 DDIO, 0 PLL, 0 transceiver and 0 LCELL
Info (21057): Implemented 133 device resources after synthesis - the final resource count might be different
    Info (21058): Implemented 3 input pins
    Info (21059): Implemented 1 output pins
    Info (21061): Implemented 129 logic cells
Info: Quartus II 64-Bit Analysis & Synthesis was successful. 0 errors, 15 warnings
    Info: Peak virtual memory: 4599 megabytes
    Info: Processing ended: Thu Dec 08 12:43:25 2022
    Info: Elapsed time: 00:00:08
    Info: Total CPU time (on all processors): 00:00:02


